

2020-04-25 15:29:49.297651


2020-04-25 15:51:42.344629
ERROR getUrlsLinked2Wikicats(): Error querying DB for MunicipalitiesOfPeloponnese(region): Exception('answer is not 200, is 400')
Number of discovered URLs: 136466


2020-04-25 15:51:49.794828
Number of available pages with enough content: 127878


2020-04-25 15:52:08.039594
Number of available pages with wikicats and subjects: 127731


2020-04-25 15:52:38.316139


2020-04-25 17:04:24.350501
ERROR getUrlsLinked2Wikicats(): Error querying DB for MunicipalitiesOfPeloponnese(region): Exception('answer is not 200, is 400')
Number of discovered URLs: 136466


2020-04-25 17:04:32.550533
Number of available pages with enough content: 127878


2020-04-25 17:04:52.375734
Number of available pages with wikicats and subjects: 127731


2020-04-25 17:05:37.339006


2020-04-25 17:24:39.602404
ERROR getUrlsLinked2Wikicats(): Error querying DB for MunicipalitiesOfPeloponnese(region): Exception('answer is not 200, is 400')
Number of discovered URLs: 136466


2020-04-25 17:24:45.144063
Number of available pages with enough content: 127878


2020-04-25 17:24:57.226330
Number of available pages with wikicats and subjects: 127731


2020-04-25 17:25:22.200450


2020-04-25 18:15:10.291170
ERROR getUrlsLinked2Wikicats(): Error querying DB for MunicipalitiesOfPeloponnese(region): Exception('answer is not 200, is 400')
Number of discovered URLs: 136466


2020-04-25 18:15:17.548856
Number of available pages with enough content: 127878


2020-04-25 18:15:32.659558
Number of available pages with enough content: 127878


2020-04-25 18:15:38.580682
Number of available pages with wikicats and subjects: 127731


2020-04-25 18:16:05.759020


2020-04-26 10:57:14.392618
ERROR getUrlsLinked2Wikicats(): Error querying DB for MunicipalitiesOfPeloponnese(region): Exception('answer is not 200, is 400')
Number of discovered URLs: 136466


2020-04-26 10:57:20.775736
Number of available pages with enough content: 127878


2020-04-26 10:57:36.485054
Number of available pages with wikicats and subjects: 127731


2020-04-26 10:58:43.722575
